<?xml version="1.0" encoding="UTF-8"?>
<!-- Generated by org.testng.reporters.JUnitReportReporter -->
<testsuite hostname="vmwin10006ea" failures="0" tests="3" name="com.dhl.runner.RunnerTest" time="0.273" errors="0" timestamp="2023-11-03T17:01:26 SGT" skipped="0">
  <testcase classname="com.dhl.runner.RunnerTest" name="runScenario" time="0.013"/>
  <testcase classname="com.dhl.runner.RunnerTest" name="runScenario" time="0.232"/>
  <testcase classname="com.dhl.runner.RunnerTest" name="runScenario" time="0.028"/>
</testsuite> <!-- com.dhl.runner.RunnerTest -->
